[4.982s] Invoking command in '/home/jezzy/huskybot_ws/build/huskybot_multicam_parallel': PYTHONPATH=/home/jezzy/huskybot_ws/build/huskybot_multicam_parallel/prefix_override:/usr/lib/python3/dist-packages/colcon_core/task/python/colcon_distutils_commands:/home/jezzy/huskybot_ws/install/huskybot_multicam_parallel/lib/python3.10/site-packages:${PYTHONPATH} /usr/bin/python3 -W ignore:setup.py install is deprecated -W ignore:easy_install command is deprecated setup.py develop --editable --build-directory /home/jezzy/huskybot_ws/build/huskybot_multicam_parallel/build --no-deps symlink_data
[6.726s] running develop
[8.035s] running egg_info
[8.039s] creating huskybot_multicam_parallel.egg-info
[8.039s] writing huskybot_multicam_parallel.egg-info/PKG-INFO
[8.041s] writing dependency_links to huskybot_multicam_parallel.egg-info/dependency_links.txt
[8.042s] writing entry points to huskybot_multicam_parallel.egg-info/entry_points.txt
[8.042s] writing requirements to huskybot_multicam_parallel.egg-info/requires.txt
[8.042s] writing top-level names to huskybot_multicam_parallel.egg-info/top_level.txt
[8.043s] writing manifest file 'huskybot_multicam_parallel.egg-info/SOURCES.txt'
[8.049s] reading manifest file 'huskybot_multicam_parallel.egg-info/SOURCES.txt'
[8.056s] writing manifest file 'huskybot_multicam_parallel.egg-info/SOURCES.txt'
[8.057s] running build_ext
[8.059s] Creating /home/jezzy/huskybot_ws/install/huskybot_multicam_parallel/lib/python3.10/site-packages/huskybot-multicam-parallel.egg-link (link to .)
[8.060s] Installing multicam_parallel_node script to /home/jezzy/huskybot_ws/install/huskybot_multicam_parallel/lib/huskybot_multicam_parallel
[8.067s] Installing single_camera_processor script to /home/jezzy/huskybot_ws/install/huskybot_multicam_parallel/lib/huskybot_multicam_parallel
[8.068s] 
[8.068s] Installed /home/jezzy/huskybot_ws/build/huskybot_multicam_parallel
[8.068s] running symlink_data
[8.069s] creating /home/jezzy/huskybot_ws/install/huskybot_multicam_parallel/share/ament_index
[8.079s] creating /home/jezzy/huskybot_ws/install/huskybot_multicam_parallel/share/ament_index/resource_index
[8.079s] creating /home/jezzy/huskybot_ws/install/huskybot_multicam_parallel/share/ament_index/resource_index/packages
[8.079s] symbolically linking /home/jezzy/huskybot_ws/build/huskybot_multicam_parallel/resource/huskybot_multicam_parallel -> /home/jezzy/huskybot_ws/install/huskybot_multicam_parallel/share/ament_index/resource_index/packages
[8.080s] symbolically linking /home/jezzy/huskybot_ws/build/huskybot_multicam_parallel/package.xml -> /home/jezzy/huskybot_ws/install/huskybot_multicam_parallel/share/huskybot_multicam_parallel
[8.096s] creating /home/jezzy/huskybot_ws/install/huskybot_multicam_parallel/share/huskybot_multicam_parallel/launch
[8.096s] symbolically linking /home/jezzy/huskybot_ws/build/huskybot_multicam_parallel/launch/multicam_parallel_pipeline.launch.py -> /home/jezzy/huskybot_ws/install/huskybot_multicam_parallel/share/huskybot_multicam_parallel/launch
[8.205s] Invoked command in '/home/jezzy/huskybot_ws/build/huskybot_multicam_parallel' returned '0': PYTHONPATH=/home/jezzy/huskybot_ws/build/huskybot_multicam_parallel/prefix_override:/usr/lib/python3/dist-packages/colcon_core/task/python/colcon_distutils_commands:/home/jezzy/huskybot_ws/install/huskybot_multicam_parallel/lib/python3.10/site-packages:${PYTHONPATH} /usr/bin/python3 -W ignore:setup.py install is deprecated -W ignore:easy_install command is deprecated setup.py develop --editable --build-directory /home/jezzy/huskybot_ws/build/huskybot_multicam_parallel/build --no-deps symlink_data
