[0.128s] Invoking command in '/home/jezzy/huskybot_ws/build/ros_deep_learning': /usr/bin/cmake /home/jezzy/huskybot_ws/src/ros_deep_learning -DCATKIN_INSTALL_INTO_PREFIX_ROOT=0 -DCATKIN_SYMLINK_INSTALL=ON -DCMAKE_INSTALL_PREFIX=/home/jezzy/huskybot_ws/install/ros_deep_learning
[0.919s] -- The C compiler identification is GNU 11.4.0
[3.223s] -- The CXX compiler identification is GNU 11.4.0
[5.314s] -- Detecting C compiler ABI info
[6.318s] -- Detecting C compiler ABI info - done
[6.350s] -- Check for working C compiler: /usr/bin/cc - skipped
[6.352s] -- Detecting C compile features
[6.354s] -- Detecting C compile features - done
[6.364s] -- Detecting CXX compiler ABI info
[7.323s] -- Detecting CXX compiler ABI info - done
[7.380s] -- Check for working CXX compiler: /usr/bin/c++ - skipped
[7.381s] -- Detecting CXX compile features
[7.387s] -- Detecting CXX compile features - done
[14.442s] [31mCMake Error at CMakeLists.txt:6 (find_package):
[14.443s]   By not providing "Findjetson-utils.cmake" in CMAKE_MODULE_PATH this project
[14.443s]   has asked CMake to find a package configuration file provided by
[14.443s]   "jetson-utils", but CMake did not find one.
[14.444s] 
[14.444s]   Could not find a package configuration file provided by "jetson-utils" with
[14.444s]   any of the following names:
[14.444s] 
[14.444s]     jetson-utilsConfig.cmake
[14.444s]     jetson-utils-config.cmake
[14.445s] 
[14.445s]   Add the installation prefix of "jetson-utils" to CMAKE_PREFIX_PATH or set
[14.445s]   "jetson-utils_DIR" to a directory containing one of the above files.  If
[14.445s]   "jetson-utils" provides a separate development package or SDK, be sure it
[14.445s]   has been installed.
[14.445s] 
[14.446s] [0m
[14.446s] -- Configuring incomplete, errors occurred!
[14.447s] See also "/home/jezzy/huskybot_ws/build/ros_deep_learning/CMakeFiles/CMakeOutput.log".
[14.474s] Invoked command in '/home/jezzy/huskybot_ws/build/ros_deep_learning' returned '1': /usr/bin/cmake /home/jezzy/huskybot_ws/src/ros_deep_learning -DCATKIN_INSTALL_INTO_PREFIX_ROOT=0 -DCATKIN_SYMLINK_INSTALL=ON -DCMAKE_INSTALL_PREFIX=/home/jezzy/huskybot_ws/install/ros_deep_learning
