[0.131s] Invoking command in '/home/jezzy/huskybot_ws/build/velodyne_msgs': CMAKE_PREFIX_PATH=${CMAKE_PREFIX_PATH}:/home/jezzy/husky_ws/lintic/install/yolosed:/home/jezzy/husky_ws/lintic/install/visual:/home/jezzy/husky_ws/lintic/install/segnet:/home/jezzy/husky_ws/turtlebot3/install/turtlebot3_teleop:/home/jezzy/husky_ws/turtlebot3/install/turtlebot3_example:/home/jezzy/husky_ws/turtlebot3/install/segtect:/home/jezzy/husky_ws/turtlebot3/install/autonomous_exploration:/opt/ros/humble /usr/bin/cmake /home/jezzy/huskybot_ws/src/velodyne/velodyne_msgs -DAMENT_CMAKE_SYMLINK_INSTALL=1 -DCMAKE_INSTALL_PREFIX=/home/jezzy/huskybot_ws/install/velodyne_msgs
[1.098s] -- The C compiler identification is GNU 11.4.0
[3.654s] -- The CXX compiler identification is GNU 11.4.0
[5.781s] -- Detecting C compiler ABI info
[6.717s] -- Detecting C compiler ABI info - done
[6.759s] -- Check for working C compiler: /usr/bin/cc - skipped
[6.761s] -- Detecting C compile features
[6.764s] -- Detecting C compile features - done
[6.779s] -- Detecting CXX compiler ABI info
[7.762s] -- Detecting CXX compiler ABI info - done
[7.794s] -- Check for working CXX compiler: /usr/bin/c++ - skipped
[7.794s] -- Detecting CXX compile features
[7.795s] -- Detecting CXX compile features - done
[7.821s] -- Found ament_cmake: 1.3.11 (/opt/ros/humble/share/ament_cmake/cmake)
[8.637s] -- Found Python3: /usr/bin/python3 (found version "3.10.12") found components: Interpreter 
[9.148s] -- Override CMake install command with custom implementation using symlinks instead of copying resources
[9.423s] -- Found builtin_interfaces: 1.2.1 (/opt/ros/humble/share/builtin_interfaces/cmake)
[10.233s] -- Found rosidl_generator_c: 3.1.6 (/opt/ros/humble/share/rosidl_generator_c/cmake)
[10.271s] -- Found rosidl_adapter: 3.1.6 (/opt/ros/humble/share/rosidl_adapter/cmake)
[10.334s] -- Found rosidl_generator_cpp: 3.1.6 (/opt/ros/humble/share/rosidl_generator_cpp/cmake)
[10.415s] -- Using all available rosidl_typesupport_c: rosidl_typesupport_fastrtps_c;rosidl_typesupport_introspection_c
[10.510s] -- Using all available rosidl_typesupport_cpp: rosidl_typesupport_fastrtps_cpp;rosidl_typesupport_introspection_cpp
[10.613s] -- Found rosidl_default_generators: 1.2.0 (/opt/ros/humble/share/rosidl_default_generators/cmake)
[10.710s] -- Found std_msgs: 4.8.0 (/opt/ros/humble/share/std_msgs/cmake)
[12.325s] -- Found ament_cmake_cppcheck: 0.12.12 (/opt/ros/humble/share/ament_cmake_cppcheck/cmake)
[12.355s] -- Found ament_cmake_cpplint: 0.12.12 (/opt/ros/humble/share/ament_cmake_cpplint/cmake)
[12.382s] -- Found ament_cmake_uncrustify: 0.12.12 (/opt/ros/humble/share/ament_cmake_uncrustify/cmake)
[12.419s] -- Found ament_cmake_ros: 0.10.0 (/opt/ros/humble/share/ament_cmake_ros/cmake)
[14.476s] -- Using all available rosidl_typesupport_c: rosidl_typesupport_fastrtps_c;rosidl_typesupport_introspection_c
[15.132s] -- Using all available rosidl_typesupport_cpp: rosidl_typesupport_fastrtps_cpp;rosidl_typesupport_introspection_cpp
[15.648s] -- Found PythonInterp: /usr/bin/python3 (found suitable version "3.10.12", minimum required is "3.6") 
[15.661s] -- Found python_cmake_module: 0.10.0 (/opt/ros/humble/share/python_cmake_module/cmake)
[17.390s] -- Found PythonLibs: /usr/lib/x86_64-linux-gnu/libpython3.10.so (found suitable version "3.10.12", minimum required is "3.5") 
[17.390s] -- Using PYTHON_EXECUTABLE: /usr/bin/python3
[17.391s] -- Using PYTHON_INCLUDE_DIRS: /usr/include/python3.10
[17.391s] -- Using PYTHON_LIBRARIES: /usr/lib/x86_64-linux-gnu/libpython3.10.so
[17.503s] -- Found PythonExtra: .so  
[17.917s] -- Found ament_cmake_flake8: 0.12.12 (/opt/ros/humble/share/ament_cmake_flake8/cmake)
[17.944s] -- Found ament_cmake_pep257: 0.12.12 (/opt/ros/humble/share/ament_cmake_pep257/cmake)
[17.969s] -- Found ament_lint_auto: 0.12.12 (/opt/ros/humble/share/ament_lint_auto/cmake)
[18.111s] -- Added test 'copyright' to check source files copyright and LICENSE
[18.116s] -- Added test 'lint_cmake' to check CMake code style
[18.121s] -- Added test 'xmllint' to check XML markup files
[18.150s] -- Configuring done
[18.373s] -- Generating done
[18.420s] -- Build files have been written to: /home/jezzy/huskybot_ws/build/velodyne_msgs
