[0.124s] Invoking command in '/home/jezzy/huskybot_ws/build/velodyne_laserscan': CMAKE_PREFIX_PATH=${CMAKE_PREFIX_PATH}:/home/jezzy/husky_ws/lintic/install/yolosed:/home/jezzy/husky_ws/lintic/install/visual:/home/jezzy/husky_ws/lintic/install/segnet:/home/jezzy/husky_ws/turtlebot3/install/turtlebot3_teleop:/home/jezzy/husky_ws/turtlebot3/install/turtlebot3_example:/home/jezzy/husky_ws/turtlebot3/install/segtect:/home/jezzy/husky_ws/turtlebot3/install/autonomous_exploration:/opt/ros/humble /usr/bin/cmake /home/jezzy/huskybot_ws/src/velodyne/velodyne_laserscan -DAMENT_CMAKE_SYMLINK_INSTALL=1 -DCMAKE_INSTALL_PREFIX=/home/jezzy/huskybot_ws/install/velodyne_laserscan
[0.898s] -- The C compiler identification is GNU 11.4.0
[2.886s] -- The CXX compiler identification is GNU 11.4.0
[4.538s] -- Detecting C compiler ABI info
[5.386s] -- Detecting C compiler ABI info - done
[5.421s] -- Check for working C compiler: /usr/bin/cc - skipped
[5.422s] -- Detecting C compile features
[5.423s] -- Detecting C compile features - done
[5.434s] -- Detecting CXX compiler ABI info
[6.574s] -- Detecting CXX compiler ABI info - done
[6.622s] -- Check for working CXX compiler: /usr/bin/c++ - skipped
[6.625s] -- Detecting CXX compile features
[6.629s] -- Detecting CXX compile features - done
[6.663s] -- Found ament_cmake_ros: 0.10.0 (/opt/ros/humble/share/ament_cmake_ros/cmake)
[7.742s] -- Found Python3: /usr/bin/python3 (found version "3.10.12") found components: Interpreter 
[8.188s] -- Override CMake install command with custom implementation using symlinks instead of copying resources
[8.559s] -- Found rclcpp: 16.0.12 (/opt/ros/humble/share/rclcpp/cmake)
[9.945s] -- Found rosidl_generator_c: 3.1.6 (/opt/ros/humble/share/rosidl_generator_c/cmake)
[10.006s] -- Found rosidl_adapter: 3.1.6 (/opt/ros/humble/share/rosidl_adapter/cmake)
[10.084s] -- Found rosidl_generator_cpp: 3.1.6 (/opt/ros/humble/share/rosidl_generator_cpp/cmake)
[10.260s] -- Using all available rosidl_typesupport_c: rosidl_typesupport_fastrtps_c;rosidl_typesupport_introspection_c
[10.397s] -- Using all available rosidl_typesupport_cpp: rosidl_typesupport_fastrtps_cpp;rosidl_typesupport_introspection_cpp
[10.798s] -- Found rmw_implementation_cmake: 6.1.2 (/opt/ros/humble/share/rmw_implementation_cmake/cmake)
[10.835s] -- Found rmw_fastrtps_cpp: 6.2.7 (/opt/ros/humble/share/rmw_fastrtps_cpp/cmake)
[17.094s] -- Found OpenSSL: /usr/lib/x86_64-linux-gnu/libcrypto.so (found version "3.0.2")  
[22.171s] -- Found FastRTPS: /opt/ros/humble/include  
[32.018s] -- Using RMW implementation 'rmw_fastrtps_cpp' as default
[32.066s] -- Looking for pthread.h
[32.578s] -- Looking for pthread.h - found
[32.578s] -- Performing Test CMAKE_HAVE_LIBC_PTHREAD
[33.102s] -- Performing Test CMAKE_HAVE_LIBC_PTHREAD - Success
[33.105s] -- Found Threads: TRUE  
[33.303s] -- Found rclcpp_components: 16.0.12 (/opt/ros/humble/share/rclcpp_components/cmake)
[33.443s] -- Found sensor_msgs: 4.8.0 (/opt/ros/humble/share/sensor_msgs/cmake)
[33.557s] -- Found ament_lint_auto: 0.12.12 (/opt/ros/humble/share/ament_lint_auto/cmake)
[33.804s] -- Added test 'copyright' to check source files copyright and LICENSE
[33.810s] -- Added test 'cppcheck' to perform static code analysis on C / C++ code
[33.810s] -- Configured cppcheck include dirs: $<BUILD_INTERFACE:/home/jezzy/huskybot_ws/src/velodyne/velodyne_laserscan/include>
[33.811s] -- Configured cppcheck exclude dirs and/or files: 
[33.821s] -- Added test 'cpplint' to check C / C++ code against the Google style
[33.822s] -- Configured cpplint exclude dirs and/or files: 
[33.826s] -- Added test 'flake8' to check Python code syntax and style conventions
[33.829s] -- Added test 'lint_cmake' to check CMake code style
[33.832s] -- Added test 'pep257' to check Python code against some of the docstring style conventions in PEP 257
[33.842s] -- Added test 'uncrustify' to check C / C++ code style
[33.842s] -- Configured uncrustify additional arguments: 
[33.846s] -- Added test 'xmllint' to check XML markup files
[33.858s] -- Configuring done
[33.901s] -- Generating done
[33.912s] -- Build files have been written to: /home/jezzy/huskybot_ws/build/velodyne_laserscan
