running develop
running egg_info
creating huskybot_camera.egg-info
writing huskybot_camera.egg-info/PKG-INFO
writing dependency_links to huskybot_camera.egg-info/dependency_links.txt
writing entry points to huskybot_camera.egg-info/entry_points.txt
writing requirements to huskybot_camera.egg-info/requires.txt
writing top-level names to huskybot_camera.egg-info/top_level.txt
writing manifest file 'huskybot_camera.egg-info/SOURCES.txt'
reading manifest file 'huskybot_camera.egg-info/SOURCES.txt'
writing manifest file 'huskybot_camera.egg-info/SOURCES.txt'
running build_ext
Creating /home/jezzy/huskybot_ws/install/huskybot_camera/lib/python3.10/site-packages/huskybot-camera.egg-link (link to .)
Installing multicamera_publisher script to /home/jezzy/huskybot_ws/install/huskybot_camera/lib/huskybot_camera

Installed /home/jezzy/huskybot_ws/build/huskybot_camera
running symlink_data
creating /home/jezzy/huskybot_ws/install/huskybot_camera/share/ament_index
creating /home/jezzy/huskybot_ws/install/huskybot_camera/share/ament_index/resource_index
creating /home/jezzy/huskybot_ws/install/huskybot_camera/share/ament_index/resource_index/packages
symbolically linking /home/jezzy/huskybot_ws/build/huskybot_camera/resource/huskybot_camera -> /home/jezzy/huskybot_ws/install/huskybot_camera/share/ament_index/resource_index/packages
symbolically linking /home/jezzy/huskybot_ws/build/huskybot_camera/package.xml -> /home/jezzy/huskybot_ws/install/huskybot_camera/share/huskybot_camera
symbolically linking /home/jezzy/huskybot_ws/build/huskybot_camera/README.md -> /home/jezzy/huskybot_ws/install/huskybot_camera/share/huskybot_camera
creating /home/jezzy/huskybot_ws/install/huskybot_camera/share/huskybot_camera/launch
symbolically linking /home/jezzy/huskybot_ws/build/huskybot_camera/launch/camera.launch.py -> /home/jezzy/huskybot_ws/install/huskybot_camera/share/huskybot_camera/launch

=== huskybot_camera v0.0.1 setup completed ===
Langkah selanjutnya:
1. Build package: 'colcon build --packages-select huskybot_camera'
2. Source workspace: 'source install/setup.bash'
3. Jalankan dengan: 'ros2 launch huskybot_camera camera.launch.py'

[INFO] Memvalidasi launch file: launch/camera.launch.py

[INFO] Package ini kompatibel dengan:
- ROS2 Humble Hawksbill
- Gazebo Classic 11 (simulasi)
- Clearpath Husky A200 Jetson AGX Orin Arducam Velodyne (real robot)
- YOLOv12 (TensorRT/ONNX/PyTorch) untuk deteksi dan segmentasi

