[10.462s] Invoking command in '/home/jezzy/huskybot_ws/build/huskybot_camera': PYTHONPATH=/home/jezzy/huskybot_ws/build/huskybot_camera/prefix_override:/usr/lib/python3/dist-packages/colcon_core/task/python/colcon_distutils_commands:/home/jezzy/huskybot_ws/install/huskybot_camera/lib/python3.10/site-packages:${PYTHONPATH} /usr/bin/python3 -W ignore:setup.py install is deprecated -W ignore:easy_install command is deprecated setup.py develop --editable --build-directory /home/jezzy/huskybot_ws/build/huskybot_camera/build --no-deps symlink_data
[13.028s] running develop
[14.769s] running egg_info
[14.770s] creating huskybot_camera.egg-info
[14.770s] writing huskybot_camera.egg-info/PKG-INFO
[14.806s] writing dependency_links to huskybot_camera.egg-info/dependency_links.txt
[14.806s] writing entry points to huskybot_camera.egg-info/entry_points.txt
[14.806s] writing requirements to huskybot_camera.egg-info/requires.txt
[14.807s] writing top-level names to huskybot_camera.egg-info/top_level.txt
[14.807s] writing manifest file 'huskybot_camera.egg-info/SOURCES.txt'
[14.808s] reading manifest file 'huskybot_camera.egg-info/SOURCES.txt'
[14.809s] writing manifest file 'huskybot_camera.egg-info/SOURCES.txt'
[14.830s] running build_ext
[14.831s] Creating /home/jezzy/huskybot_ws/install/huskybot_camera/lib/python3.10/site-packages/huskybot-camera.egg-link (link to .)
[14.853s] Installing multicamera_publisher script to /home/jezzy/huskybot_ws/install/huskybot_camera/lib/huskybot_camera
[14.854s] 
[14.855s] Installed /home/jezzy/huskybot_ws/build/huskybot_camera
[14.855s] running symlink_data
[14.856s] creating /home/jezzy/huskybot_ws/install/huskybot_camera/share/ament_index
[14.861s] creating /home/jezzy/huskybot_ws/install/huskybot_camera/share/ament_index/resource_index
[14.862s] creating /home/jezzy/huskybot_ws/install/huskybot_camera/share/ament_index/resource_index/packages
[14.862s] symbolically linking /home/jezzy/huskybot_ws/build/huskybot_camera/resource/huskybot_camera -> /home/jezzy/huskybot_ws/install/huskybot_camera/share/ament_index/resource_index/packages
[14.863s] symbolically linking /home/jezzy/huskybot_ws/build/huskybot_camera/package.xml -> /home/jezzy/huskybot_ws/install/huskybot_camera/share/huskybot_camera
[14.863s] symbolically linking /home/jezzy/huskybot_ws/build/huskybot_camera/README.md -> /home/jezzy/huskybot_ws/install/huskybot_camera/share/huskybot_camera
[14.863s] creating /home/jezzy/huskybot_ws/install/huskybot_camera/share/huskybot_camera/launch
[14.863s] symbolically linking /home/jezzy/huskybot_ws/build/huskybot_camera/launch/camera.launch.py -> /home/jezzy/huskybot_ws/install/huskybot_camera/share/huskybot_camera/launch
[14.864s] 
[14.864s] === huskybot_camera v0.0.1 setup completed ===
[14.864s] Langkah selanjutnya:
[14.864s] 1. Build package: 'colcon build --packages-select huskybot_camera'
[14.864s] 2. Source workspace: 'source install/setup.bash'
[14.864s] 3. Jalankan dengan: 'ros2 launch huskybot_camera camera.launch.py'
[14.865s] 
[15.283s] [INFO] Memvalidasi launch file: launch/camera.launch.py
[15.287s] 
[15.287s] [INFO] Package ini kompatibel dengan:
[15.287s] - ROS2 Humble Hawksbill
[15.288s] - Gazebo Classic 11 (simulasi)
[15.288s] - Clearpath Husky A200 Jetson AGX Orin Arducam Velodyne (real robot)
[15.288s] - YOLOv12 (TensorRT/ONNX/PyTorch) untuk deteksi dan segmentasi
[15.288s] 
[15.475s] Invoked command in '/home/jezzy/huskybot_ws/build/huskybot_camera' returned '0': PYTHONPATH=/home/jezzy/huskybot_ws/build/huskybot_camera/prefix_override:/usr/lib/python3/dist-packages/colcon_core/task/python/colcon_distutils_commands:/home/jezzy/huskybot_ws/install/huskybot_camera/lib/python3.10/site-packages:${PYTHONPATH} /usr/bin/python3 -W ignore:setup.py install is deprecated -W ignore:easy_install command is deprecated setup.py develop --editable --build-directory /home/jezzy/huskybot_ws/build/huskybot_camera/build --no-deps symlink_data
