[1.077s] DEBUG:colcon:Command line arguments: ['/usr/bin/colcon', 'build', '--packages-select', 'huskybot_camera', '--symlink-install']
[1.078s] DEBUG:colcon:Parsed command line arguments: Namespace(log_base=None, log_level=None, verb_name='build', build_base='build', install_base='install', merge_install=False, symlink_install=True, test_result_base=None, continue_on_error=False, executor='parallel', parallel_workers=4, event_handlers=None, ignore_user_meta=False, metas=['./colcon.meta'], base_paths=['.'], packages_ignore=None, packages_ignore_regex=None, paths=None, packages_up_to=None, packages_up_to_regex=None, packages_above=None, packages_above_and_dependencies=None, packages_above_depth=None, packages_select_by_dep=None, packages_skip_by_dep=None, packages_skip_up_to=None, packages_select_build_failed=False, packages_skip_build_finished=False, packages_select_test_failures=False, packages_skip_test_passed=False, packages_select=['huskybot_camera'], packages_skip=None, packages_select_regex=None, packages_skip_regex=None, packages_start=None, packages_end=None, allow_overriding=[], cmake_args=None, cmake_target=None, cmake_target_skip_unavailable=False, cmake_clean_cache=False, cmake_clean_first=False, cmake_force_configure=False, ament_cmake_args=None, catkin_cmake_args=None, catkin_skip_building_tests=False, verb_parser=<colcon_defaults.argument_parser.defaults.DefaultArgumentsDecorator object at 0x722e1ab4af80>, verb_extension=<colcon_core.verb.build.BuildVerb object at 0x722e1acbfb50>, main=<bound method BuildVerb.main of <colcon_core.verb.build.BuildVerb object at 0x722e1acbfb50>>)
[1.464s] Level 1:colcon.colcon_core.package_discovery:discover_packages(colcon_meta) check parameters
[1.464s] Level 1:colcon.colcon_core.package_discovery:discover_packages(recursive) check parameters
[1.464s] Level 1:colcon.colcon_core.package_discovery:discover_packages(ignore) check parameters
[1.464s] Level 1:colcon.colcon_core.package_discovery:discover_packages(path) check parameters
[1.464s] Level 1:colcon.colcon_core.package_discovery:discover_packages(colcon_meta) discover
[1.465s] Level 1:colcon.colcon_core.package_discovery:discover_packages(recursive) discover
[1.465s] INFO:colcon.colcon_core.package_discovery:Crawling recursively for packages in '/home/jezzy/huskybot_ws'
[1.465s] Level 1:colcon.colcon_core.package_identification:_identify(.) by extensions ['ignore', 'ignore_ament_install']
[1.465s] Level 1:colcon.colcon_core.package_identification:_identify(.) by extension 'ignore'
[1.466s] Level 1:colcon.colcon_core.package_identification:_identify(.) by extension 'ignore_ament_install'
[1.466s] Level 1:colcon.colcon_core.package_identification:_identify(.) by extensions ['colcon_pkg']
[1.466s] Level 1:colcon.colcon_core.package_identification:_identify(.) by extension 'colcon_pkg'
[1.466s] Level 1:colcon.colcon_core.package_identification:_identify(.) by extensions ['colcon_meta']
[1.466s] Level 1:colcon.colcon_core.package_identification:_identify(.) by extension 'colcon_meta'
[1.466s] Level 1:colcon.colcon_core.package_identification:_identify(.) by extensions ['ros']
[1.466s] Level 1:colcon.colcon_core.package_identification:_identify(.) by extension 'ros'
[1.485s] Level 1:colcon.colcon_core.package_identification:_identify(.) by extensions ['cmake', 'python']
[1.486s] Level 1:colcon.colcon_core.package_identification:_identify(.) by extension 'cmake'
[1.486s] Level 1:colcon.colcon_core.package_identification:_identify(.) by extension 'python'
[1.486s] Level 1:colcon.colcon_core.package_identification:_identify(.) by extensions ['python_setup_py']
[1.486s] Level 1:colcon.colcon_core.package_identification:_identify(.) by extension 'python_setup_py'
[1.486s] Level 1:colcon.colcon_core.package_identification:_identify(build) by extensions ['ignore', 'ignore_ament_install']
[1.486s] Level 1:colcon.colcon_core.package_identification:_identify(build) by extension 'ignore'
[1.487s] Level 1:colcon.colcon_core.package_identification:_identify(build) ignored
[1.487s] Level 1:colcon.colcon_core.package_identification:_identify(install) by extensions ['ignore', 'ignore_ament_install']
[1.487s] Level 1:colcon.colcon_core.package_identification:_identify(install) by extension 'ignore'
[1.487s] Level 1:colcon.colcon_core.package_identification:_identify(install) ignored
[1.488s] Level 1:colcon.colcon_core.package_identification:_identify(log) by extensions ['ignore', 'ignore_ament_install']
[1.488s] Level 1:colcon.colcon_core.package_identification:_identify(log) by extension 'ignore'
[1.488s] Level 1:colcon.colcon_core.package_identification:_identify(log) ignored
[1.488s] Level 1:colcon.colcon_core.package_identification:_identify(src) by extensions ['ignore', 'ignore_ament_install']
[1.488s] Level 1:colcon.colcon_core.package_identification:_identify(src) by extension 'ignore'
[1.488s] Level 1:colcon.colcon_core.package_identification:_identify(src) by extension 'ignore_ament_install'
[1.489s] Level 1:colcon.colcon_core.package_identification:_identify(src) by extensions ['colcon_pkg']
[1.489s] Level 1:colcon.colcon_core.package_identification:_identify(src) by extension 'colcon_pkg'
[1.489s] Level 1:colcon.colcon_core.package_identification:_identify(src) by extensions ['colcon_meta']
[1.489s] Level 1:colcon.colcon_core.package_identification:_identify(src) by extension 'colcon_meta'
[1.489s] Level 1:colcon.colcon_core.package_identification:_identify(src) by extensions ['ros']
[1.489s] Level 1:colcon.colcon_core.package_identification:_identify(src) by extension 'ros'
[1.489s] Level 1:colcon.colcon_core.package_identification:_identify(src) by extensions ['cmake', 'python']
[1.489s] Level 1:colcon.colcon_core.package_identification:_identify(src) by extension 'cmake'
[1.490s] Level 1:colcon.colcon_core.package_identification:_identify(src) by extension 'python'
[1.490s] Level 1:colcon.colcon_core.package_identification:_identify(src) by extensions ['python_setup_py']
[1.490s] Level 1:colcon.colcon_core.package_identification:_identify(src) by extension 'python_setup_py'
[1.490s] Level 1:colcon.colcon_core.package_identification:_identify(src/huskybot_camera) by extensions ['ignore', 'ignore_ament_install']
[1.490s] Level 1:colcon.colcon_core.package_identification:_identify(src/huskybot_camera) by extension 'ignore'
[1.490s] Level 1:colcon.colcon_core.package_identification:_identify(src/huskybot_camera) by extension 'ignore_ament_install'
[1.491s] Level 1:colcon.colcon_core.package_identification:_identify(src/huskybot_camera) by extensions ['colcon_pkg']
[1.491s] Level 1:colcon.colcon_core.package_identification:_identify(src/huskybot_camera) by extension 'colcon_pkg'
[1.491s] Level 1:colcon.colcon_core.package_identification:_identify(src/huskybot_camera) by extensions ['colcon_meta']
[1.491s] Level 1:colcon.colcon_core.package_identification:_identify(src/huskybot_camera) by extension 'colcon_meta'
[1.491s] Level 1:colcon.colcon_core.package_identification:_identify(src/huskybot_camera) by extensions ['ros']
[1.491s] Level 1:colcon.colcon_core.package_identification:_identify(src/huskybot_camera) by extension 'ros'
[1.496s] DEBUG:colcon.colcon_core.package_identification:Package 'src/huskybot_camera' with type 'ros.ament_python' and name 'huskybot_camera'
[1.496s] Level 1:colcon.colcon_core.package_identification:_identify(src/huskybot_multicam_parallel) by extensions ['ignore', 'ignore_ament_install']
[1.497s] Level 1:colcon.colcon_core.package_identification:_identify(src/huskybot_multicam_parallel) by extension 'ignore'
[1.497s] Level 1:colcon.colcon_core.package_identification:_identify(src/huskybot_multicam_parallel) by extension 'ignore_ament_install'
[1.497s] Level 1:colcon.colcon_core.package_identification:_identify(src/huskybot_multicam_parallel) by extensions ['colcon_pkg']
[1.497s] Level 1:colcon.colcon_core.package_identification:_identify(src/huskybot_multicam_parallel) by extension 'colcon_pkg'
[1.497s] Level 1:colcon.colcon_core.package_identification:_identify(src/huskybot_multicam_parallel) by extensions ['colcon_meta']
[1.497s] Level 1:colcon.colcon_core.package_identification:_identify(src/huskybot_multicam_parallel) by extension 'colcon_meta'
[1.497s] Level 1:colcon.colcon_core.package_identification:_identify(src/huskybot_multicam_parallel) by extensions ['ros']
[1.497s] Level 1:colcon.colcon_core.package_identification:_identify(src/huskybot_multicam_parallel) by extension 'ros'
[1.499s] DEBUG:colcon.colcon_core.package_identification:Package 'src/huskybot_multicam_parallel' with type 'ros.ament_python' and name 'huskybot_multicam_parallel'
[1.499s] Level 1:colcon.colcon_core.package_identification:_identify(src/ros_deep_learning) by extensions ['ignore', 'ignore_ament_install']
[1.499s] Level 1:colcon.colcon_core.package_identification:_identify(src/ros_deep_learning) by extension 'ignore'
[1.500s] Level 1:colcon.colcon_core.package_identification:_identify(src/ros_deep_learning) by extension 'ignore_ament_install'
[1.500s] Level 1:colcon.colcon_core.package_identification:_identify(src/ros_deep_learning) by extensions ['colcon_pkg']
[1.500s] Level 1:colcon.colcon_core.package_identification:_identify(src/ros_deep_learning) by extension 'colcon_pkg'
[1.500s] Level 1:colcon.colcon_core.package_identification:_identify(src/ros_deep_learning) by extensions ['colcon_meta']
[1.500s] Level 1:colcon.colcon_core.package_identification:_identify(src/ros_deep_learning) by extension 'colcon_meta'
[1.500s] Level 1:colcon.colcon_core.package_identification:_identify(src/ros_deep_learning) by extensions ['ros']
[1.500s] Level 1:colcon.colcon_core.package_identification:_identify(src/ros_deep_learning) by extension 'ros'
[1.502s] DEBUG:colcon.colcon_core.package_identification:Package 'src/ros_deep_learning' with type 'ros.catkin' and name 'ros_deep_learning'
[1.502s] Level 1:colcon.colcon_core.package_identification:_identify(src/velodyne) by extensions ['ignore', 'ignore_ament_install']
[1.502s] Level 1:colcon.colcon_core.package_identification:_identify(src/velodyne) by extension 'ignore'
[1.503s] Level 1:colcon.colcon_core.package_identification:_identify(src/velodyne) by extension 'ignore_ament_install'
[1.503s] Level 1:colcon.colcon_core.package_identification:_identify(src/velodyne) by extensions ['colcon_pkg']
[1.503s] Level 1:colcon.colcon_core.package_identification:_identify(src/velodyne) by extension 'colcon_pkg'
[1.503s] Level 1:colcon.colcon_core.package_identification:_identify(src/velodyne) by extensions ['colcon_meta']
[1.503s] Level 1:colcon.colcon_core.package_identification:_identify(src/velodyne) by extension 'colcon_meta'
[1.503s] Level 1:colcon.colcon_core.package_identification:_identify(src/velodyne) by extensions ['ros']
[1.503s] Level 1:colcon.colcon_core.package_identification:_identify(src/velodyne) by extension 'ros'
[1.504s] Level 1:colcon.colcon_core.package_identification:_identify(src/velodyne) by extensions ['cmake', 'python']
[1.504s] Level 1:colcon.colcon_core.package_identification:_identify(src/velodyne) by extension 'cmake'
[1.504s] Level 1:colcon.colcon_core.package_identification:_identify(src/velodyne) by extension 'python'
[1.504s] Level 1:colcon.colcon_core.package_identification:_identify(src/velodyne) by extensions ['python_setup_py']
[1.504s] Level 1:colcon.colcon_core.package_identification:_identify(src/velodyne) by extension 'python_setup_py'
[1.504s] Level 1:colcon.colcon_core.package_identification:_identify(src/velodyne/velodyne) by extensions ['ignore', 'ignore_ament_install']
[1.504s] Level 1:colcon.colcon_core.package_identification:_identify(src/velodyne/velodyne) by extension 'ignore'
[1.505s] Level 1:colcon.colcon_core.package_identification:_identify(src/velodyne/velodyne) by extension 'ignore_ament_install'
[1.505s] Level 1:colcon.colcon_core.package_identification:_identify(src/velodyne/velodyne) by extensions ['colcon_pkg']
[1.505s] Level 1:colcon.colcon_core.package_identification:_identify(src/velodyne/velodyne) by extension 'colcon_pkg'
[1.505s] Level 1:colcon.colcon_core.package_identification:_identify(src/velodyne/velodyne) by extensions ['colcon_meta']
[1.505s] Level 1:colcon.colcon_core.package_identification:_identify(src/velodyne/velodyne) by extension 'colcon_meta'
[1.505s] Level 1:colcon.colcon_core.package_identification:_identify(src/velodyne/velodyne) by extensions ['ros']
[1.505s] Level 1:colcon.colcon_core.package_identification:_identify(src/velodyne/velodyne) by extension 'ros'
[1.507s] DEBUG:colcon.colcon_core.package_identification:Package 'src/velodyne/velodyne' with type 'ros.ament_cmake' and name 'velodyne'
[1.507s] Level 1:colcon.colcon_core.package_identification:_identify(src/velodyne/velodyne_driver) by extensions ['ignore', 'ignore_ament_install']
[1.507s] Level 1:colcon.colcon_core.package_identification:_identify(src/velodyne/velodyne_driver) by extension 'ignore'
[1.508s] Level 1:colcon.colcon_core.package_identification:_identify(src/velodyne/velodyne_driver) by extension 'ignore_ament_install'
[1.508s] Level 1:colcon.colcon_core.package_identification:_identify(src/velodyne/velodyne_driver) by extensions ['colcon_pkg']
[1.508s] Level 1:colcon.colcon_core.package_identification:_identify(src/velodyne/velodyne_driver) by extension 'colcon_pkg'
[1.508s] Level 1:colcon.colcon_core.package_identification:_identify(src/velodyne/velodyne_driver) by extensions ['colcon_meta']
[1.508s] Level 1:colcon.colcon_core.package_identification:_identify(src/velodyne/velodyne_driver) by extension 'colcon_meta'
[1.508s] Level 1:colcon.colcon_core.package_identification:_identify(src/velodyne/velodyne_driver) by extensions ['ros']
[1.508s] Level 1:colcon.colcon_core.package_identification:_identify(src/velodyne/velodyne_driver) by extension 'ros'
[1.510s] DEBUG:colcon.colcon_core.package_identification:Package 'src/velodyne/velodyne_driver' with type 'ros.ament_cmake' and name 'velodyne_driver'
[1.511s] Level 1:colcon.colcon_core.package_identification:_identify(src/velodyne/velodyne_laserscan) by extensions ['ignore', 'ignore_ament_install']
[1.511s] Level 1:colcon.colcon_core.package_identification:_identify(src/velodyne/velodyne_laserscan) by extension 'ignore'
[1.511s] Level 1:colcon.colcon_core.package_identification:_identify(src/velodyne/velodyne_laserscan) by extension 'ignore_ament_install'
[1.511s] Level 1:colcon.colcon_core.package_identification:_identify(src/velodyne/velodyne_laserscan) by extensions ['colcon_pkg']
[1.512s] Level 1:colcon.colcon_core.package_identification:_identify(src/velodyne/velodyne_laserscan) by extension 'colcon_pkg'
[1.512s] Level 1:colcon.colcon_core.package_identification:_identify(src/velodyne/velodyne_laserscan) by extensions ['colcon_meta']
[1.512s] Level 1:colcon.colcon_core.package_identification:_identify(src/velodyne/velodyne_laserscan) by extension 'colcon_meta'
[1.512s] Level 1:colcon.colcon_core.package_identification:_identify(src/velodyne/velodyne_laserscan) by extensions ['ros']
[1.512s] Level 1:colcon.colcon_core.package_identification:_identify(src/velodyne/velodyne_laserscan) by extension 'ros'
[1.513s] DEBUG:colcon.colcon_core.package_identification:Package 'src/velodyne/velodyne_laserscan' with type 'ros.ament_cmake' and name 'velodyne_laserscan'
[1.514s] Level 1:colcon.colcon_core.package_identification:_identify(src/velodyne/velodyne_msgs) by extensions ['ignore', 'ignore_ament_install']
[1.514s] Level 1:colcon.colcon_core.package_identification:_identify(src/velodyne/velodyne_msgs) by extension 'ignore'
[1.514s] Level 1:colcon.colcon_core.package_identification:_identify(src/velodyne/velodyne_msgs) by extension 'ignore_ament_install'
[1.514s] Level 1:colcon.colcon_core.package_identification:_identify(src/velodyne/velodyne_msgs) by extensions ['colcon_pkg']
[1.514s] Level 1:colcon.colcon_core.package_identification:_identify(src/velodyne/velodyne_msgs) by extension 'colcon_pkg'
[1.514s] Level 1:colcon.colcon_core.package_identification:_identify(src/velodyne/velodyne_msgs) by extensions ['colcon_meta']
[1.514s] Level 1:colcon.colcon_core.package_identification:_identify(src/velodyne/velodyne_msgs) by extension 'colcon_meta'
[1.515s] Level 1:colcon.colcon_core.package_identification:_identify(src/velodyne/velodyne_msgs) by extensions ['ros']
[1.515s] Level 1:colcon.colcon_core.package_identification:_identify(src/velodyne/velodyne_msgs) by extension 'ros'
[1.516s] DEBUG:colcon.colcon_core.package_identification:Package 'src/velodyne/velodyne_msgs' with type 'ros.ament_cmake' and name 'velodyne_msgs'
[1.516s] Level 1:colcon.colcon_core.package_identification:_identify(src/velodyne/velodyne_pointcloud) by extensions ['ignore', 'ignore_ament_install']
[1.517s] Level 1:colcon.colcon_core.package_identification:_identify(src/velodyne/velodyne_pointcloud) by extension 'ignore'
[1.517s] Level 1:colcon.colcon_core.package_identification:_identify(src/velodyne/velodyne_pointcloud) by extension 'ignore_ament_install'
[1.517s] Level 1:colcon.colcon_core.package_identification:_identify(src/velodyne/velodyne_pointcloud) by extensions ['colcon_pkg']
[1.517s] Level 1:colcon.colcon_core.package_identification:_identify(src/velodyne/velodyne_pointcloud) by extension 'colcon_pkg'
[1.517s] Level 1:colcon.colcon_core.package_identification:_identify(src/velodyne/velodyne_pointcloud) by extensions ['colcon_meta']
[1.517s] Level 1:colcon.colcon_core.package_identification:_identify(src/velodyne/velodyne_pointcloud) by extension 'colcon_meta'
[1.518s] Level 1:colcon.colcon_core.package_identification:_identify(src/velodyne/velodyne_pointcloud) by extensions ['ros']
[1.518s] Level 1:colcon.colcon_core.package_identification:_identify(src/velodyne/velodyne_pointcloud) by extension 'ros'
[1.520s] DEBUG:colcon.colcon_core.package_identification:Package 'src/velodyne/velodyne_pointcloud' with type 'ros.ament_cmake' and name 'velodyne_pointcloud'
[1.521s] Level 1:colcon.colcon_core.package_discovery:discover_packages(recursive) using defaults
[1.521s] Level 1:colcon.colcon_core.package_discovery:discover_packages(ignore) discover
[1.521s] Level 1:colcon.colcon_core.package_discovery:discover_packages(ignore) using defaults
[1.521s] Level 1:colcon.colcon_core.package_discovery:discover_packages(path) discover
[1.521s] Level 1:colcon.colcon_core.package_discovery:discover_packages(path) using defaults
[1.580s] INFO:colcon.colcon_core.package_selection:Skipping not selected package 'huskybot_multicam_parallel' in 'src/huskybot_multicam_parallel'
[1.580s] INFO:colcon.colcon_core.package_selection:Skipping not selected package 'ros_deep_learning' in 'src/ros_deep_learning'
[1.580s] INFO:colcon.colcon_core.package_selection:Skipping not selected package 'velodyne_laserscan' in 'src/velodyne/velodyne_laserscan'
[1.580s] INFO:colcon.colcon_core.package_selection:Skipping not selected package 'velodyne_msgs' in 'src/velodyne/velodyne_msgs'
[1.580s] INFO:colcon.colcon_core.package_selection:Skipping not selected package 'velodyne_driver' in 'src/velodyne/velodyne_driver'
[1.581s] INFO:colcon.colcon_core.package_selection:Skipping not selected package 'velodyne_pointcloud' in 'src/velodyne/velodyne_pointcloud'
[1.581s] INFO:colcon.colcon_core.package_selection:Skipping not selected package 'velodyne' in 'src/velodyne/velodyne'
[1.583s] Level 1:colcon.colcon_core.package_discovery:discover_packages(prefix_path) check parameters
[1.583s] Level 1:colcon.colcon_core.package_discovery:discover_packages(prefix_path) discover
[1.599s] DEBUG:colcon.colcon_installed_package_information.package_discovery:Found 17 installed packages in /home/jezzy/husky_ws/turtlebot3/install
[1.601s] DEBUG:colcon.colcon_installed_package_information.package_discovery:Found 4 installed packages in /home/jezzy/husky_ws/lintic/install
[1.606s] DEBUG:colcon.colcon_installed_package_information.package_discovery:Found 415 installed packages in /opt/ros/humble
[1.611s] Level 1:colcon.colcon_core.package_discovery:discover_packages(prefix_path) using defaults
[1.792s] Level 5:colcon.colcon_core.verb:set package 'huskybot_camera' build argument 'cmake_args' from command line to 'None'
[1.792s] Level 5:colcon.colcon_core.verb:set package 'huskybot_camera' build argument 'cmake_target' from command line to 'None'
[1.792s] Level 5:colcon.colcon_core.verb:set package 'huskybot_camera' build argument 'cmake_target_skip_unavailable' from command line to 'False'
[1.792s] Level 5:colcon.colcon_core.verb:set package 'huskybot_camera' build argument 'cmake_clean_cache' from command line to 'False'
[1.792s] Level 5:colcon.colcon_core.verb:set package 'huskybot_camera' build argument 'cmake_clean_first' from command line to 'False'
[1.792s] Level 5:colcon.colcon_core.verb:set package 'huskybot_camera' build argument 'cmake_force_configure' from command line to 'False'
[1.792s] Level 5:colcon.colcon_core.verb:set package 'huskybot_camera' build argument 'ament_cmake_args' from command line to 'None'
[1.792s] Level 5:colcon.colcon_core.verb:set package 'huskybot_camera' build argument 'catkin_cmake_args' from command line to 'None'
[1.792s] Level 5:colcon.colcon_core.verb:set package 'huskybot_camera' build argument 'catkin_skip_building_tests' from command line to 'False'
[1.793s] DEBUG:colcon.colcon_core.verb:Building package 'huskybot_camera' with the following arguments: {'ament_cmake_args': None, 'build_base': '/home/jezzy/huskybot_ws/build/huskybot_camera', 'catkin_cmake_args': None, 'catkin_skip_building_tests': False, 'cmake_args': None, 'cmake_clean_cache': False, 'cmake_clean_first': False, 'cmake_force_configure': False, 'cmake_target': None, 'cmake_target_skip_unavailable': False, 'install_base': '/home/jezzy/huskybot_ws/install/huskybot_camera', 'merge_install': False, 'path': '/home/jezzy/huskybot_ws/src/huskybot_camera', 'symlink_install': True, 'test_result_base': None}
[1.793s] INFO:colcon.colcon_core.executor:Executing jobs using 'parallel' executor
[1.795s] DEBUG:colcon.colcon_parallel_executor.executor.parallel:run_until_complete
[1.796s] INFO:colcon.colcon_ros.task.ament_python.build:Building ROS package in '/home/jezzy/huskybot_ws/src/huskybot_camera' with build type 'ament_python'
[1.796s] Level 1:colcon.colcon_core.shell:create_environment_hook('huskybot_camera', 'ament_prefix_path')
[1.812s] INFO:colcon.colcon_core.plugin_system:Skipping extension 'colcon_core.shell.bat': Not used on non-Windows systems
[1.812s] INFO:colcon.colcon_core.shell:Creating environment hook '/home/jezzy/huskybot_ws/install/huskybot_camera/share/huskybot_camera/hook/ament_prefix_path.ps1'
[1.818s] INFO:colcon.colcon_core.shell:Creating environment descriptor '/home/jezzy/huskybot_ws/install/huskybot_camera/share/huskybot_camera/hook/ament_prefix_path.dsv'
[1.824s] INFO:colcon.colcon_core.shell:Creating environment hook '/home/jezzy/huskybot_ws/install/huskybot_camera/share/huskybot_camera/hook/ament_prefix_path.sh'
[1.828s] INFO:colcon.colcon_core.shell:Skip shell extension 'powershell' for command environment: Not usable outside of PowerShell
[1.829s] DEBUG:colcon.colcon_core.shell:Skip shell extension 'dsv' for command environment
[1.843s] ERROR:colcon.colcon_ros.task.ament_python.build:Failed to find the following files:
- /home/jezzy/huskybot_ws/install/ros_deep_learning/share/ros_deep_learning/package.sh
Check that the following packages have been built:
- ros_deep_learning
[1.844s] DEBUG:colcon.colcon_parallel_executor.executor.parallel:closing loop
[1.845s] DEBUG:colcon.colcon_parallel_executor.executor.parallel:loop closed
[1.845s] DEBUG:colcon.colcon_parallel_executor.executor.parallel:run_until_complete finished with '1'
[1.845s] DEBUG:colcon.colcon_core.event_reactor:joining thread
[2.018s] INFO:colcon.colcon_core.plugin_system:Skipping extension 'colcon_notification.desktop_notification.notify_send': Could not find 'notify-send'
[2.019s] INFO:colcon.colcon_core.plugin_system:Skipping extension 'colcon_notification.desktop_notification.terminal_notifier': Not used on non-Darwin systems
[2.019s] INFO:colcon.colcon_core.plugin_system:Skipping extension 'colcon_notification.desktop_notification.win32': Not used on non-Windows systems
[2.019s] INFO:colcon.colcon_notification.desktop_notification:Sending desktop notification using 'notify2'
[2.024s] DEBUG:colcon.colcon_notification.desktop_notification.notify2:Failed to initialize notify2: org.freedesktop.DBus.Error.ServiceUnknown: The name org.freedesktop.Notifications was not provided by any .service files
[2.024s] DEBUG:colcon.colcon_core.event_reactor:joined thread
[2.025s] INFO:colcon.colcon_core.shell:Creating prefix script '/home/jezzy/huskybot_ws/install/local_setup.ps1'
[2.028s] INFO:colcon.colcon_core.shell:Creating prefix util module '/home/jezzy/huskybot_ws/install/_local_setup_util_ps1.py'
[2.031s] INFO:colcon.colcon_core.shell:Creating prefix chain script '/home/jezzy/huskybot_ws/install/setup.ps1'
[2.036s] INFO:colcon.colcon_core.shell:Creating prefix script '/home/jezzy/huskybot_ws/install/local_setup.sh'
[2.038s] INFO:colcon.colcon_core.shell:Creating prefix util module '/home/jezzy/huskybot_ws/install/_local_setup_util_sh.py'
[2.039s] INFO:colcon.colcon_core.shell:Creating prefix chain script '/home/jezzy/huskybot_ws/install/setup.sh'
[2.043s] INFO:colcon.colcon_core.shell:Creating prefix script '/home/jezzy/huskybot_ws/install/local_setup.bash'
[2.045s] INFO:colcon.colcon_core.shell:Creating prefix chain script '/home/jezzy/huskybot_ws/install/setup.bash'
[2.048s] INFO:colcon.colcon_core.shell:Creating prefix script '/home/jezzy/huskybot_ws/install/local_setup.zsh'
[2.050s] INFO:colcon.colcon_core.shell:Creating prefix chain script '/home/jezzy/huskybot_ws/install/setup.zsh'
