[0.483s] Invoking command in '/home/jezzy/huskybot_ws/build/velodyne_driver': AMENT_PREFIX_PATH=/home/jezzy/huskybot_ws/install/velodyne_msgs:${AMENT_PREFIX_PATH} CMAKE_PREFIX_PATH=/home/jezzy/huskybot_ws/install/velodyne_msgs:/home/jezzy/husky_ws/turtlebot3/install/turtlebot3:/home/jezzy/husky_ws/turtlebot3/install/turtlebot3_simulations:/home/jezzy/husky_ws/turtlebot3/install/turtlebot3_bringup:/home/jezzy/husky_ws/turtlebot3/install/turtlebot3_node:/home/jezzy/husky_ws/turtlebot3/install/turtlebot3_navigation2:/home/jezzy/husky_ws/turtlebot3/install/turtlebot3_fake_node:/home/jezzy/husky_ws/turtlebot3/install/turtlebot3_msgs:/home/jezzy/husky_ws/turtlebot3/install/turtlebot3_gazebo:/home/jezzy/husky_ws/turtlebot3/install/turtlebot3_description:/home/jezzy/husky_ws/turtlebot3/install/turtlebot3_cartographer:/home/jezzy/husky_ws/turtlebot3/install/dynamixel_sdk_examples:/home/jezzy/husky_ws/turtlebot3/install/dynamixel_sdk_custom_interfaces:/home/jezzy/husky_ws/turtlebot3/install/dynamixel_sdk:/home/jezzy/husky_ws/lintic/install/yolosed:/home/jezzy/husky_ws/lintic/install/visual:/home/jezzy/husky_ws/lintic/install/segnet:/home/jezzy/husky_ws/turtlebot3/install/turtlebot3_teleop:/home/jezzy/husky_ws/turtlebot3/install/turtlebot3_example:/home/jezzy/husky_ws/turtlebot3/install/segtect:/home/jezzy/husky_ws/turtlebot3/install/autonomous_exploration:/opt/ros/humble LD_LIBRARY_PATH=/home/jezzy/huskybot_ws/install/velodyne_msgs/lib:/home/jezzy/husky_ws/turtlebot3/install/turtlebot3_msgs/lib:/home/jezzy/husky_ws/turtlebot3/install/dynamixel_sdk_custom_interfaces/lib:/home/jezzy/husky_ws/turtlebot3/install/dynamixel_sdk/lib:/usr/lib/x86_64-linux-gnu/gazebo-11/plugins:/opt/ros/humble/opt/rviz_ogre_vendor/lib:/opt/ros/humble/lib/x86_64-linux-gnu:/opt/ros/humble/lib:/usr/share/gazebo/../../lib/x86_64-linux-gnu/gazebo-11/plugins:/usr/share/gazebo/../../lib/x86_64-linux-gnu/gazebo-11/plugins:/usr/share/gazebo/../../lib/x86_64-linux-gnu/gazebo-11/plugins:/opt/ros/humble/lib PYTHONPATH=/home/jezzy/huskybot_ws/install/velodyne_msgs/local/lib/python3.10/dist-packages:${PYTHONPATH} /usr/bin/cmake /home/jezzy/huskybot_ws/src/velodyne/velodyne_driver -DAMENT_CMAKE_SYMLINK_INSTALL=1 -DCMAKE_INSTALL_PREFIX=/home/jezzy/huskybot_ws/install/velodyne_driver
[1.087s] -- The C compiler identification is GNU 11.4.0
[2.632s] -- The CXX compiler identification is GNU 11.4.0
[3.461s] -- Detecting C compiler ABI info
[4.068s] -- Detecting C compiler ABI info - done
[4.093s] -- Check for working C compiler: /usr/bin/cc - skipped
[4.094s] -- Detecting C compile features
[4.103s] -- Detecting C compile features - done
[4.112s] -- Detecting CXX compiler ABI info
[4.814s] -- Detecting CXX compiler ABI info - done
[4.854s] -- Check for working CXX compiler: /usr/bin/c++ - skipped
[4.854s] -- Detecting CXX compile features
[4.858s] -- Detecting CXX compile features - done
[4.874s] -- Found ament_cmake_ros: 0.10.0 (/opt/ros/humble/share/ament_cmake_ros/cmake)
[5.568s] -- Found Python3: /usr/bin/python3 (found version "3.10.12") found components: Interpreter 
[5.882s] -- Override CMake install command with custom implementation using symlinks instead of copying resources
[6.088s] -- Found diagnostic_updater: 4.0.6 (/opt/ros/humble/share/diagnostic_updater/cmake)
[6.834s] -- Found rosidl_generator_c: 3.1.6 (/opt/ros/humble/share/rosidl_generator_c/cmake)
[6.866s] -- Found rosidl_adapter: 3.1.6 (/opt/ros/humble/share/rosidl_adapter/cmake)
[6.904s] -- Found rosidl_generator_cpp: 3.1.6 (/opt/ros/humble/share/rosidl_generator_cpp/cmake)
[6.966s] -- Using all available rosidl_typesupport_c: rosidl_typesupport_fastrtps_c;rosidl_typesupport_introspection_c
[7.063s] -- Using all available rosidl_typesupport_cpp: rosidl_typesupport_fastrtps_cpp;rosidl_typesupport_introspection_cpp
[7.463s] -- Found rmw_implementation_cmake: 6.1.2 (/opt/ros/humble/share/rmw_implementation_cmake/cmake)
[7.476s] -- Found rmw_fastrtps_cpp: 6.2.7 (/opt/ros/humble/share/rmw_fastrtps_cpp/cmake)
[10.406s] -- Found OpenSSL: /usr/lib/x86_64-linux-gnu/libcrypto.so (found version "3.0.2")  
[13.601s] -- Found FastRTPS: /opt/ros/humble/include  
[18.930s] -- Using RMW implementation 'rmw_fastrtps_cpp' as default
[19.025s] -- Looking for pthread.h
[19.739s] -- Looking for pthread.h - found
[19.740s] -- Performing Test CMAKE_HAVE_LIBC_PTHREAD
[20.538s] -- Performing Test CMAKE_HAVE_LIBC_PTHREAD - Success
[20.552s] -- Found Threads: TRUE  
[20.888s] -- Found rclcpp_components: 16.0.12 (/opt/ros/humble/share/rclcpp_components/cmake)
[21.116s] -- Found tf2_ros: 0.25.13 (/opt/ros/humble/share/tf2_ros/cmake)
[21.819s] -- Found velodyne_msgs: 2.5.1 (/home/jezzy/huskybot_ws/install/velodyne_msgs/share/velodyne_msgs/cmake)
[21.867s] -- Found ament_lint_auto: 0.12.12 (/opt/ros/humble/share/ament_lint_auto/cmake)
[22.350s] -- Found gtest sources under '/opt/ros/humble/src/gtest_vendor': C++ tests using 'Google Test' will be built
[22.385s] -- Added test 'copyright' to check source files copyright and LICENSE
[22.393s] -- Added test 'cppcheck' to perform static code analysis on C / C++ code
[22.394s] -- Configured cppcheck include dirs: $<BUILD_INTERFACE:/home/jezzy/huskybot_ws/src/velodyne/velodyne_driver/include>
[22.394s] -- Configured cppcheck exclude dirs and/or files: 
[22.407s] -- Added test 'cpplint' to check C / C++ code against the Google style
[22.410s] -- Configured cpplint exclude dirs and/or files: 
[22.414s] -- Added test 'flake8' to check Python code syntax and style conventions
[22.422s] -- Added test 'lint_cmake' to check CMake code style
[22.428s] -- Added test 'pep257' to check Python code against some of the docstring style conventions in PEP 257
[22.439s] -- Added test 'uncrustify' to check C / C++ code style
[22.440s] -- Configured uncrustify additional arguments: 
[22.447s] -- Added test 'xmllint' to check XML markup files
[22.483s] -- Configuring done
[22.665s] -- Generating done
[22.711s] -- Build files have been written to: /home/jezzy/huskybot_ws/build/velodyne_driver
[22.748s] Invoked command in '/home/jezzy/huskybot_ws/build/velodyne_driver' returned '0': AMENT_PREFIX_PATH=/home/jezzy/huskybot_ws/install/velodyne_msgs:${AMENT_PREFIX_PATH} CMAKE_PREFIX_PATH=/home/jezzy/huskybot_ws/install/velodyne_msgs:/home/jezzy/husky_ws/turtlebot3/install/turtlebot3:/home/jezzy/husky_ws/turtlebot3/install/turtlebot3_simulations:/home/jezzy/husky_ws/turtlebot3/install/turtlebot3_bringup:/home/jezzy/husky_ws/turtlebot3/install/turtlebot3_node:/home/jezzy/husky_ws/turtlebot3/install/turtlebot3_navigation2:/home/jezzy/husky_ws/turtlebot3/install/turtlebot3_fake_node:/home/jezzy/husky_ws/turtlebot3/install/turtlebot3_msgs:/home/jezzy/husky_ws/turtlebot3/install/turtlebot3_gazebo:/home/jezzy/husky_ws/turtlebot3/install/turtlebot3_description:/home/jezzy/husky_ws/turtlebot3/install/turtlebot3_cartographer:/home/jezzy/husky_ws/turtlebot3/install/dynamixel_sdk_examples:/home/jezzy/husky_ws/turtlebot3/install/dynamixel_sdk_custom_interfaces:/home/jezzy/husky_ws/turtlebot3/install/dynamixel_sdk:/home/jezzy/husky_ws/lintic/install/yolosed:/home/jezzy/husky_ws/lintic/install/visual:/home/jezzy/husky_ws/lintic/install/segnet:/home/jezzy/husky_ws/turtlebot3/install/turtlebot3_teleop:/home/jezzy/husky_ws/turtlebot3/install/turtlebot3_example:/home/jezzy/husky_ws/turtlebot3/install/segtect:/home/jezzy/husky_ws/turtlebot3/install/autonomous_exploration:/opt/ros/humble LD_LIBRARY_PATH=/home/jezzy/huskybot_ws/install/velodyne_msgs/lib:/home/jezzy/husky_ws/turtlebot3/install/turtlebot3_msgs/lib:/home/jezzy/husky_ws/turtlebot3/install/dynamixel_sdk_custom_interfaces/lib:/home/jezzy/husky_ws/turtlebot3/install/dynamixel_sdk/lib:/usr/lib/x86_64-linux-gnu/gazebo-11/plugins:/opt/ros/humble/opt/rviz_ogre_vendor/lib:/opt/ros/humble/lib/x86_64-linux-gnu:/opt/ros/humble/lib:/usr/share/gazebo/../../lib/x86_64-linux-gnu/gazebo-11/plugins:/usr/share/gazebo/../../lib/x86_64-linux-gnu/gazebo-11/plugins:/usr/share/gazebo/../../lib/x86_64-linux-gnu/gazebo-11/plugins:/opt/ros/humble/lib PYTHONPATH=/home/jezzy/huskybot_ws/install/velodyne_msgs/local/lib/python3.10/dist-packages:${PYTHONPATH} /usr/bin/cmake /home/jezzy/huskybot_ws/src/velodyne/velodyne_driver -DAMENT_CMAKE_SYMLINK_INSTALL=1 -DCMAKE_INSTALL_PREFIX=/home/jezzy/huskybot_ws/install/velodyne_driver
[22.758s] Invoking command in '/home/jezzy/huskybot_ws/build/velodyne_driver': AMENT_PREFIX_PATH=/home/jezzy/huskybot_ws/install/velodyne_msgs:${AMENT_PREFIX_PATH} CMAKE_PREFIX_PATH=/home/jezzy/huskybot_ws/install/velodyne_msgs:/home/jezzy/husky_ws/turtlebot3/install/turtlebot3:/home/jezzy/husky_ws/turtlebot3/install/turtlebot3_simulations:/home/jezzy/husky_ws/turtlebot3/install/turtlebot3_bringup:/home/jezzy/husky_ws/turtlebot3/install/turtlebot3_node:/home/jezzy/husky_ws/turtlebot3/install/turtlebot3_navigation2:/home/jezzy/husky_ws/turtlebot3/install/turtlebot3_fake_node:/home/jezzy/husky_ws/turtlebot3/install/turtlebot3_msgs:/home/jezzy/husky_ws/turtlebot3/install/turtlebot3_gazebo:/home/jezzy/husky_ws/turtlebot3/install/turtlebot3_description:/home/jezzy/husky_ws/turtlebot3/install/turtlebot3_cartographer:/home/jezzy/husky_ws/turtlebot3/install/dynamixel_sdk_examples:/home/jezzy/husky_ws/turtlebot3/install/dynamixel_sdk_custom_interfaces:/home/jezzy/husky_ws/turtlebot3/install/dynamixel_sdk:/home/jezzy/husky_ws/lintic/install/yolosed:/home/jezzy/husky_ws/lintic/install/visual:/home/jezzy/husky_ws/lintic/install/segnet:/home/jezzy/husky_ws/turtlebot3/install/turtlebot3_teleop:/home/jezzy/husky_ws/turtlebot3/install/turtlebot3_example:/home/jezzy/husky_ws/turtlebot3/install/segtect:/home/jezzy/husky_ws/turtlebot3/install/autonomous_exploration:/opt/ros/humble LD_LIBRARY_PATH=/home/jezzy/huskybot_ws/install/velodyne_msgs/lib:/home/jezzy/husky_ws/turtlebot3/install/turtlebot3_msgs/lib:/home/jezzy/husky_ws/turtlebot3/install/dynamixel_sdk_custom_interfaces/lib:/home/jezzy/husky_ws/turtlebot3/install/dynamixel_sdk/lib:/usr/lib/x86_64-linux-gnu/gazebo-11/plugins:/opt/ros/humble/opt/rviz_ogre_vendor/lib:/opt/ros/humble/lib/x86_64-linux-gnu:/opt/ros/humble/lib:/usr/share/gazebo/../../lib/x86_64-linux-gnu/gazebo-11/plugins:/usr/share/gazebo/../../lib/x86_64-linux-gnu/gazebo-11/plugins:/usr/share/gazebo/../../lib/x86_64-linux-gnu/gazebo-11/plugins:/opt/ros/humble/lib PYTHONPATH=/home/jezzy/huskybot_ws/install/velodyne_msgs/local/lib/python3.10/dist-packages:${PYTHONPATH} /usr/bin/cmake --build /home/jezzy/huskybot_ws/build/velodyne_driver -- -j4 -l4
[22.993s] [  8%] [32mBuilding CXX object gtest/CMakeFiles/gtest.dir/src/gtest-all.cc.o[0m
[23.040s] [ 16%] [32mBuilding CXX object CMakeFiles/velodyne_input.dir/src/lib/input.cpp.o[0m
[23.050s] [ 25%] [32mBuilding CXX object gtest/CMakeFiles/gtest_main.dir/src/gtest_main.cc.o[0m
[28.185s] [ 33%] [32m[1mLinking CXX static library libgtest_main.a[0m
[28.429s] [ 33%] Built target gtest_main
[48.676s] [ 41%] [32m[1mLinking CXX static library libgtest.a[0m
[49.740s] [ 41%] Built target gtest
[56.239s] [ 50%] [32m[1mLinking CXX shared library libvelodyne_input.so[0m
[63.668s] [ 50%] Built target velodyne_input
[63.923s] [ 58%] [32mBuilding CXX object CMakeFiles/velodyne_driver.dir/src/driver/driver.cpp.o[0m
[122.463s] [ 66%] [32m[1mLinking CXX shared library libvelodyne_driver.so[0m
[125.281s] [ 66%] Built target velodyne_driver
[125.360s] [ 75%] [32mBuilding CXX object CMakeFiles/time_test.dir/tests/timeconversiontest.cpp.o[0m
[141.357s] [ 83%] [32m[1mLinking CXX executable time_test[0m
[142.440s] [ 83%] Built target time_test
[142.547s] [ 91%] [32mBuilding CXX object CMakeFiles/velodyne_driver_node.dir/src/driver/velodyne_node.cpp.o[0m
[163.682s] [100%] [32m[1mLinking CXX executable velodyne_driver_node[0m
[165.117s] [100%] Built target velodyne_driver_node
[165.177s] Invoked command in '/home/jezzy/huskybot_ws/build/velodyne_driver' returned '0': AMENT_PREFIX_PATH=/home/jezzy/huskybot_ws/install/velodyne_msgs:${AMENT_PREFIX_PATH} CMAKE_PREFIX_PATH=/home/jezzy/huskybot_ws/install/velodyne_msgs:/home/jezzy/husky_ws/turtlebot3/install/turtlebot3:/home/jezzy/husky_ws/turtlebot3/install/turtlebot3_simulations:/home/jezzy/husky_ws/turtlebot3/install/turtlebot3_bringup:/home/jezzy/husky_ws/turtlebot3/install/turtlebot3_node:/home/jezzy/husky_ws/turtlebot3/install/turtlebot3_navigation2:/home/jezzy/husky_ws/turtlebot3/install/turtlebot3_fake_node:/home/jezzy/husky_ws/turtlebot3/install/turtlebot3_msgs:/home/jezzy/husky_ws/turtlebot3/install/turtlebot3_gazebo:/home/jezzy/husky_ws/turtlebot3/install/turtlebot3_description:/home/jezzy/husky_ws/turtlebot3/install/turtlebot3_cartographer:/home/jezzy/husky_ws/turtlebot3/install/dynamixel_sdk_examples:/home/jezzy/husky_ws/turtlebot3/install/dynamixel_sdk_custom_interfaces:/home/jezzy/husky_ws/turtlebot3/install/dynamixel_sdk:/home/jezzy/husky_ws/lintic/install/yolosed:/home/jezzy/husky_ws/lintic/install/visual:/home/jezzy/husky_ws/lintic/install/segnet:/home/jezzy/husky_ws/turtlebot3/install/turtlebot3_teleop:/home/jezzy/husky_ws/turtlebot3/install/turtlebot3_example:/home/jezzy/husky_ws/turtlebot3/install/segtect:/home/jezzy/husky_ws/turtlebot3/install/autonomous_exploration:/opt/ros/humble LD_LIBRARY_PATH=/home/jezzy/huskybot_ws/install/velodyne_msgs/lib:/home/jezzy/husky_ws/turtlebot3/install/turtlebot3_msgs/lib:/home/jezzy/husky_ws/turtlebot3/install/dynamixel_sdk_custom_interfaces/lib:/home/jezzy/husky_ws/turtlebot3/install/dynamixel_sdk/lib:/usr/lib/x86_64-linux-gnu/gazebo-11/plugins:/opt/ros/humble/opt/rviz_ogre_vendor/lib:/opt/ros/humble/lib/x86_64-linux-gnu:/opt/ros/humble/lib:/usr/share/gazebo/../../lib/x86_64-linux-gnu/gazebo-11/plugins:/usr/share/gazebo/../../lib/x86_64-linux-gnu/gazebo-11/plugins:/usr/share/gazebo/../../lib/x86_64-linux-gnu/gazebo-11/plugins:/opt/ros/humble/lib PYTHONPATH=/home/jezzy/huskybot_ws/install/velodyne_msgs/local/lib/python3.10/dist-packages:${PYTHONPATH} /usr/bin/cmake --build /home/jezzy/huskybot_ws/build/velodyne_driver -- -j4 -l4
[165.183s] Invoking command in '/home/jezzy/huskybot_ws/build/velodyne_driver': AMENT_PREFIX_PATH=/home/jezzy/huskybot_ws/install/velodyne_msgs:${AMENT_PREFIX_PATH} CMAKE_PREFIX_PATH=/home/jezzy/huskybot_ws/install/velodyne_msgs:/home/jezzy/husky_ws/turtlebot3/install/turtlebot3:/home/jezzy/husky_ws/turtlebot3/install/turtlebot3_simulations:/home/jezzy/husky_ws/turtlebot3/install/turtlebot3_bringup:/home/jezzy/husky_ws/turtlebot3/install/turtlebot3_node:/home/jezzy/husky_ws/turtlebot3/install/turtlebot3_navigation2:/home/jezzy/husky_ws/turtlebot3/install/turtlebot3_fake_node:/home/jezzy/husky_ws/turtlebot3/install/turtlebot3_msgs:/home/jezzy/husky_ws/turtlebot3/install/turtlebot3_gazebo:/home/jezzy/husky_ws/turtlebot3/install/turtlebot3_description:/home/jezzy/husky_ws/turtlebot3/install/turtlebot3_cartographer:/home/jezzy/husky_ws/turtlebot3/install/dynamixel_sdk_examples:/home/jezzy/husky_ws/turtlebot3/install/dynamixel_sdk_custom_interfaces:/home/jezzy/husky_ws/turtlebot3/install/dynamixel_sdk:/home/jezzy/husky_ws/lintic/install/yolosed:/home/jezzy/husky_ws/lintic/install/visual:/home/jezzy/husky_ws/lintic/install/segnet:/home/jezzy/husky_ws/turtlebot3/install/turtlebot3_teleop:/home/jezzy/husky_ws/turtlebot3/install/turtlebot3_example:/home/jezzy/husky_ws/turtlebot3/install/segtect:/home/jezzy/husky_ws/turtlebot3/install/autonomous_exploration:/opt/ros/humble LD_LIBRARY_PATH=/home/jezzy/huskybot_ws/install/velodyne_msgs/lib:/home/jezzy/husky_ws/turtlebot3/install/turtlebot3_msgs/lib:/home/jezzy/husky_ws/turtlebot3/install/dynamixel_sdk_custom_interfaces/lib:/home/jezzy/husky_ws/turtlebot3/install/dynamixel_sdk/lib:/usr/lib/x86_64-linux-gnu/gazebo-11/plugins:/opt/ros/humble/opt/rviz_ogre_vendor/lib:/opt/ros/humble/lib/x86_64-linux-gnu:/opt/ros/humble/lib:/usr/share/gazebo/../../lib/x86_64-linux-gnu/gazebo-11/plugins:/usr/share/gazebo/../../lib/x86_64-linux-gnu/gazebo-11/plugins:/usr/share/gazebo/../../lib/x86_64-linux-gnu/gazebo-11/plugins:/opt/ros/humble/lib PYTHONPATH=/home/jezzy/huskybot_ws/install/velodyne_msgs/local/lib/python3.10/dist-packages:${PYTHONPATH} /usr/bin/cmake --install /home/jezzy/huskybot_ws/build/velodyne_driver
[165.221s] -- Install configuration: ""
[165.222s] -- Execute custom install script
[165.223s] -- Symlinking: /home/jezzy/huskybot_ws/install/velodyne_driver/lib/velodyne_driver/velodyne_driver_node
[165.258s] -- Symlinking: /home/jezzy/huskybot_ws/install/velodyne_driver/include/velodyne_driver/driver.hpp
[165.285s] -- Symlinking: /home/jezzy/huskybot_ws/install/velodyne_driver/include/velodyne_driver/input.hpp
[165.315s] -- Symlinking: /home/jezzy/huskybot_ws/install/velodyne_driver/include/velodyne_driver/time_conversion.hpp
[165.364s] -- Symlinking: /home/jezzy/huskybot_ws/install/velodyne_driver/share/velodyne_driver/config/VLP16-velodyne_driver_node-params.yaml
[165.403s] -- Symlinking: /home/jezzy/huskybot_ws/install/velodyne_driver/share/velodyne_driver/config/VLP32C-velodyne_driver_node-params.yaml
[165.444s] -- Symlinking: /home/jezzy/huskybot_ws/install/velodyne_driver/share/velodyne_driver/config/VLS128-velodyne_driver_node-params.yaml
[165.487s] -- Symlinking: /home/jezzy/huskybot_ws/install/velodyne_driver/share/velodyne_driver/launch/velodyne_driver_node-VLP16-composed-launch.py
[165.512s] -- Symlinking: /home/jezzy/huskybot_ws/install/velodyne_driver/share/velodyne_driver/launch/velodyne_driver_node-VLP16-launch.py
[165.545s] -- Symlinking: /home/jezzy/huskybot_ws/install/velodyne_driver/share/velodyne_driver/launch/velodyne_driver_node-VLP32C-composed-launch.py
[165.601s] -- Symlinking: /home/jezzy/huskybot_ws/install/velodyne_driver/share/velodyne_driver/launch/velodyne_driver_node-VLP32C-launch.py
[165.628s] -- Symlinking: /home/jezzy/huskybot_ws/install/velodyne_driver/share/velodyne_driver/launch/velodyne_driver_node-VLS128-composed-launch.py
[165.655s] -- Symlinking: /home/jezzy/huskybot_ws/install/velodyne_driver/share/velodyne_driver/launch/velodyne_driver_node-VLS128-launch.py
[165.698s] -- Symlinking: /home/jezzy/huskybot_ws/install/velodyne_driver/lib/velodyne_driver/vdump
[165.737s] -- Symlinking: /home/jezzy/huskybot_ws/install/velodyne_driver/share/ament_index/resource_index/package_run_dependencies/velodyne_driver
[165.776s] -- Symlinking: /home/jezzy/huskybot_ws/install/velodyne_driver/share/ament_index/resource_index/parent_prefix_path/velodyne_driver
[165.804s] -- Symlinking: /home/jezzy/huskybot_ws/install/velodyne_driver/share/velodyne_driver/environment/ament_prefix_path.sh
[165.867s] -- Symlinking: /home/jezzy/huskybot_ws/install/velodyne_driver/share/velodyne_driver/environment/ament_prefix_path.dsv
[165.909s] -- Symlinking: /home/jezzy/huskybot_ws/install/velodyne_driver/share/velodyne_driver/environment/path.sh
[165.943s] -- Symlinking: /home/jezzy/huskybot_ws/install/velodyne_driver/share/velodyne_driver/environment/path.dsv
[165.994s] -- Symlinking: /home/jezzy/huskybot_ws/install/velodyne_driver/share/velodyne_driver/local_setup.bash
[166.031s] -- Symlinking: /home/jezzy/huskybot_ws/install/velodyne_driver/share/velodyne_driver/local_setup.sh
[166.060s] -- Symlinking: /home/jezzy/huskybot_ws/install/velodyne_driver/share/velodyne_driver/local_setup.zsh
[166.111s] -- Symlinking: /home/jezzy/huskybot_ws/install/velodyne_driver/share/velodyne_driver/local_setup.dsv
[166.153s] -- Symlinking: /home/jezzy/huskybot_ws/install/velodyne_driver/share/velodyne_driver/package.dsv
[166.212s] -- Symlinking: /home/jezzy/huskybot_ws/install/velodyne_driver/share/ament_index/resource_index/packages/velodyne_driver
[166.246s] -- Symlinking: /home/jezzy/huskybot_ws/install/velodyne_driver/share/ament_index/resource_index/rclcpp_components/velodyne_driver
[166.282s] -- Symlinking: /home/jezzy/huskybot_ws/install/velodyne_driver/share/velodyne_driver/cmake/ament_cmake_export_include_directories-extras.cmake
[166.309s] -- Symlinking: /home/jezzy/huskybot_ws/install/velodyne_driver/share/velodyne_driver/cmake/ament_cmake_export_targets-extras.cmake
[166.336s] -- Symlinking: /home/jezzy/huskybot_ws/install/velodyne_driver/share/velodyne_driver/cmake/ament_cmake_export_dependencies-extras.cmake
[166.371s] -- Symlinking: /home/jezzy/huskybot_ws/install/velodyne_driver/share/velodyne_driver/cmake/velodyne_driverConfig.cmake
[166.402s] -- Symlinking: /home/jezzy/huskybot_ws/install/velodyne_driver/share/velodyne_driver/cmake/velodyne_driverConfig-version.cmake
[166.426s] -- Symlinking: /home/jezzy/huskybot_ws/install/velodyne_driver/share/velodyne_driver/package.xml
[166.464s] -- Installing: /home/jezzy/huskybot_ws/install/velodyne_driver/lib/libvelodyne_input.so
[166.467s] -- Set runtime path of "/home/jezzy/huskybot_ws/install/velodyne_driver/lib/libvelodyne_input.so" to ""
[166.467s] -- Installing: /home/jezzy/huskybot_ws/install/velodyne_driver/lib/libvelodyne_driver.so
[166.523s] -- Set runtime path of "/home/jezzy/huskybot_ws/install/velodyne_driver/lib/libvelodyne_driver.so" to ""
[166.523s] -- Installing: /home/jezzy/huskybot_ws/install/velodyne_driver/share/velodyne_driver/cmake/velodyne_driverExport.cmake
[166.524s] -- Installing: /home/jezzy/huskybot_ws/install/velodyne_driver/share/velodyne_driver/cmake/velodyne_driverExport-noconfig.cmake
[166.540s] Invoked command in '/home/jezzy/huskybot_ws/build/velodyne_driver' returned '0': AMENT_PREFIX_PATH=/home/jezzy/huskybot_ws/install/velodyne_msgs:${AMENT_PREFIX_PATH} CMAKE_PREFIX_PATH=/home/jezzy/huskybot_ws/install/velodyne_msgs:/home/jezzy/husky_ws/turtlebot3/install/turtlebot3:/home/jezzy/husky_ws/turtlebot3/install/turtlebot3_simulations:/home/jezzy/husky_ws/turtlebot3/install/turtlebot3_bringup:/home/jezzy/husky_ws/turtlebot3/install/turtlebot3_node:/home/jezzy/husky_ws/turtlebot3/install/turtlebot3_navigation2:/home/jezzy/husky_ws/turtlebot3/install/turtlebot3_fake_node:/home/jezzy/husky_ws/turtlebot3/install/turtlebot3_msgs:/home/jezzy/husky_ws/turtlebot3/install/turtlebot3_gazebo:/home/jezzy/husky_ws/turtlebot3/install/turtlebot3_description:/home/jezzy/husky_ws/turtlebot3/install/turtlebot3_cartographer:/home/jezzy/husky_ws/turtlebot3/install/dynamixel_sdk_examples:/home/jezzy/husky_ws/turtlebot3/install/dynamixel_sdk_custom_interfaces:/home/jezzy/husky_ws/turtlebot3/install/dynamixel_sdk:/home/jezzy/husky_ws/lintic/install/yolosed:/home/jezzy/husky_ws/lintic/install/visual:/home/jezzy/husky_ws/lintic/install/segnet:/home/jezzy/husky_ws/turtlebot3/install/turtlebot3_teleop:/home/jezzy/husky_ws/turtlebot3/install/turtlebot3_example:/home/jezzy/husky_ws/turtlebot3/install/segtect:/home/jezzy/husky_ws/turtlebot3/install/autonomous_exploration:/opt/ros/humble LD_LIBRARY_PATH=/home/jezzy/huskybot_ws/install/velodyne_msgs/lib:/home/jezzy/husky_ws/turtlebot3/install/turtlebot3_msgs/lib:/home/jezzy/husky_ws/turtlebot3/install/dynamixel_sdk_custom_interfaces/lib:/home/jezzy/husky_ws/turtlebot3/install/dynamixel_sdk/lib:/usr/lib/x86_64-linux-gnu/gazebo-11/plugins:/opt/ros/humble/opt/rviz_ogre_vendor/lib:/opt/ros/humble/lib/x86_64-linux-gnu:/opt/ros/humble/lib:/usr/share/gazebo/../../lib/x86_64-linux-gnu/gazebo-11/plugins:/usr/share/gazebo/../../lib/x86_64-linux-gnu/gazebo-11/plugins:/usr/share/gazebo/../../lib/x86_64-linux-gnu/gazebo-11/plugins:/opt/ros/humble/lib PYTHONPATH=/home/jezzy/huskybot_ws/install/velodyne_msgs/local/lib/python3.10/dist-packages:${PYTHONPATH} /usr/bin/cmake --install /home/jezzy/huskybot_ws/build/velodyne_driver
